c:\users\student\source\repos\proiectoop\proiectoop\debug\proiectoop.pch
c:\users\student\source\repos\proiectoop\proiectoop\debug\vc141.pdb
c:\users\student\source\repos\proiectoop\proiectoop\debug\vc141.idb
c:\users\student\source\repos\proiectoop\proiectoop\debug\pch.obj
c:\users\student\source\repos\proiectoop\proiectoop\debug\proiectoop.obj
c:\users\student\source\repos\proiectoop\proiectoop\debug\autobuz.obj
c:\users\student\source\repos\proiectoop\proiectoop\debug\testautobuz.obj
c:\users\student\source\repos\proiectoop\proiectoop\debug\avion.obj
c:\users\student\source\repos\proiectoop\proiectoop\debug\testavion.obj
c:\users\student\source\repos\proiectoop\proiectoop\debug\service.obj
c:\users\student\source\repos\proiectoop\proiectoop\debug\controller.obj
c:\users\student\source\repos\proiectoop\debug\proiectoop.exe
c:\users\student\source\repos\proiectoop\debug\proiectoop.ilk
c:\users\student\source\repos\proiectoop\debug\proiectoop.pdb
c:\users\student\source\repos\proiectoop\proiectoop\debug\proiectoop.tlog\cl.command.1.tlog
c:\users\student\source\repos\proiectoop\proiectoop\debug\proiectoop.tlog\cl.read.1.tlog
c:\users\student\source\repos\proiectoop\proiectoop\debug\proiectoop.tlog\cl.write.1.tlog
c:\users\student\source\repos\proiectoop\proiectoop\debug\proiectoop.tlog\link.command.1.tlog
c:\users\student\source\repos\proiectoop\proiectoop\debug\proiectoop.tlog\link.read.1.tlog
c:\users\student\source\repos\proiectoop\proiectoop\debug\proiectoop.tlog\link.write.1.tlog
